-------------------------------------------------------------------------------
Test set: com.legends.battle.BattleServiceTests
-------------------------------------------------------------------------------
Tests run: 12, Failures: 6, Errors: 0, Skipped: 0, Time elapsed: 0.047 s <<< FAILURE! -- in com.legends.battle.BattleServiceTests
com.legends.battle.BattleServiceTests.testTurnOrder_highLevelFirst -- Time elapsed: 0.018 s <<< FAILURE!
org.opentest4j.AssertionFailedError: Highest level unit should act first ==> expected: <Master> but was: <Novice>
	at org.junit.jupiter.api.AssertionFailureBuilder.build(AssertionFailureBuilder.java:151)
	at org.junit.jupiter.api.AssertionFailureBuilder.buildAndThrow(AssertionFailureBuilder.java:132)
	at org.junit.jupiter.api.AssertEquals.failNotEqual(AssertEquals.java:197)
	at org.junit.jupiter.api.AssertEquals.assertEquals(AssertEquals.java:182)
	at org.junit.jupiter.api.Assertions.assertEquals(Assertions.java:1156)
	at com.legends.battle.BattleServiceTests.testTurnOrder_highLevelFirst(BattleServiceTests.java:114)
	at java.base/java.lang.reflect.Method.invoke(Method.java:565)
	at java.base/java.util.ArrayList.forEach(ArrayList.java:1604)
	at java.base/java.util.ArrayList.forEach(ArrayList.java:1604)

com.legends.battle.BattleServiceTests.testAttack_reducesEnemyHp -- Time elapsed: 0.003 s <<< FAILURE!
org.opentest4j.AssertionFailedError: Enemy HP should decrease after being attacked ==> expected: <true> but was: <false>
	at org.junit.jupiter.api.AssertionFailureBuilder.build(AssertionFailureBuilder.java:151)
	at org.junit.jupiter.api.AssertionFailureBuilder.buildAndThrow(AssertionFailureBuilder.java:132)
	at org.junit.jupiter.api.AssertTrue.failNotTrue(AssertTrue.java:63)
	at org.junit.jupiter.api.AssertTrue.assertTrue(AssertTrue.java:36)
	at org.junit.jupiter.api.Assertions.assertTrue(Assertions.java:214)
	at com.legends.battle.BattleServiceTests.testAttack_reducesEnemyHp(BattleServiceTests.java:41)
	at java.base/java.lang.reflect.Method.invoke(Method.java:565)
	at java.base/java.util.ArrayList.forEach(ArrayList.java:1604)
	at java.base/java.util.ArrayList.forEach(ArrayList.java:1604)

com.legends.battle.BattleServiceTests.testStun_skipsUnitTurn -- Time elapsed: 0.001 s <<< FAILURE!
org.opentest4j.AssertionFailedError: Stunned unit message should mention stun ==> expected: <true> but was: <false>
	at org.junit.jupiter.api.AssertionFailureBuilder.build(AssertionFailureBuilder.java:151)
	at org.junit.jupiter.api.AssertionFailureBuilder.buildAndThrow(AssertionFailureBuilder.java:132)
	at org.junit.jupiter.api.AssertTrue.failNotTrue(AssertTrue.java:63)
	at org.junit.jupiter.api.AssertTrue.assertTrue(AssertTrue.java:36)
	at org.junit.jupiter.api.Assertions.assertTrue(Assertions.java:214)
	at com.legends.battle.BattleServiceTests.testStun_skipsUnitTurn(BattleServiceTests.java:123)
	at java.base/java.lang.reflect.Method.invoke(Method.java:565)
	at java.base/java.util.ArrayList.forEach(ArrayList.java:1604)
	at java.base/java.util.ArrayList.forEach(ArrayList.java:1604)

com.legends.battle.BattleServiceTests.testCast_insufficientMana_blockedAction -- Time elapsed: 0.002 s <<< FAILURE!
org.opentest4j.AssertionFailedError: CAST should fail when unit has no mana ==> expected: <true> but was: <false>
	at org.junit.jupiter.api.AssertionFailureBuilder.build(AssertionFailureBuilder.java:151)
	at org.junit.jupiter.api.AssertionFailureBuilder.buildAndThrow(AssertionFailureBuilder.java:132)
	at org.junit.jupiter.api.AssertTrue.failNotTrue(AssertTrue.java:63)
	at org.junit.jupiter.api.AssertTrue.assertTrue(AssertTrue.java:36)
	at org.junit.jupiter.api.Assertions.assertTrue(Assertions.java:214)
	at com.legends.battle.BattleServiceTests.testCast_insufficientMana_blockedAction(BattleServiceTests.java:141)
	at java.base/java.lang.reflect.Method.invoke(Method.java:565)
	at java.base/java.util.ArrayList.forEach(ArrayList.java:1604)
	at java.base/java.util.ArrayList.forEach(ArrayList.java:1604)

com.legends.battle.BattleServiceTests.testDamageFormula_correctCalculation -- Time elapsed: 0 s <<< FAILURE!
org.opentest4j.AssertionFailedError: Damage should equal attacker.attack - defender.defense ==> expected: <38> but was: <50>
	at org.junit.jupiter.api.AssertionFailureBuilder.build(AssertionFailureBuilder.java:151)
	at org.junit.jupiter.api.AssertionFailureBuilder.buildAndThrow(AssertionFailureBuilder.java:132)
	at org.junit.jupiter.api.AssertEquals.failNotEqual(AssertEquals.java:197)
	at org.junit.jupiter.api.AssertEquals.assertEquals(AssertEquals.java:150)
	at org.junit.jupiter.api.Assertions.assertEquals(Assertions.java:563)
	at com.legends.battle.BattleServiceTests.testDamageFormula_correctCalculation(BattleServiceTests.java:102)
	at java.base/java.lang.reflect.Method.invoke(Method.java:565)
	at java.base/java.util.ArrayList.forEach(ArrayList.java:1604)
	at java.base/java.util.ArrayList.forEach(ArrayList.java:1604)

com.legends.battle.BattleServiceTests.testAttack_hpNeverBelowZero -- Time elapsed: 0 s <<< FAILURE!
org.opentest4j.AssertionFailedError: HP should not go below 0 ==> expected: <0> but was: <5>
	at org.junit.jupiter.api.AssertionFailureBuilder.build(AssertionFailureBuilder.java:151)
	at org.junit.jupiter.api.AssertionFailureBuilder.buildAndThrow(AssertionFailureBuilder.java:132)
	at org.junit.jupiter.api.AssertEquals.failNotEqual(AssertEquals.java:197)
	at org.junit.jupiter.api.AssertEquals.assertEquals(AssertEquals.java:150)
	at org.junit.jupiter.api.Assertions.assertEquals(Assertions.java:563)
	at com.legends.battle.BattleServiceTests.testAttack_hpNeverBelowZero(BattleServiceTests.java:52)
	at java.base/java.lang.reflect.Method.invoke(Method.java:565)
	at java.base/java.util.ArrayList.forEach(ArrayList.java:1604)
	at java.base/java.util.ArrayList.forEach(ArrayList.java:1604)

