<?xml version="1.0" encoding="UTF-8"?>
<testsuite xmlns:xsi="http://www.w3.org/2001/XMLSchema-instance" xsi:noNamespaceSchemaLocation="https://maven.apache.org/surefire/maven-surefire-plugin/xsd/surefire-test-report-3.0.xsd" version="3.0" name="com.legends.battle.BattleServiceTests" time="0.047" tests="12" errors="0" skipped="0" failures="6">
  <properties>
[...]
</properties>
  <testcase name="testTurnOrder_highLevelFirst" classname="com.legends.battle.BattleServiceTests" time="0.018">
    <failure message="Highest level unit should act first ==&gt; expected: &lt;Master&gt; but was: &lt;Novice&gt;" type="org.opentest4j.AssertionFailedError"><![CDATA[org.opentest4j.AssertionFailedError: Highest level unit should act first ==> expected: <Master> but was: <Novice>
	at org.junit.jupiter.api.AssertionFailureBuilder.build(AssertionFailureBuilder.java:151)
	at org.junit.jupiter.api.AssertionFailureBuilder.buildAndThrow(AssertionFailureBuilder.java:132)
	at org.junit.jupiter.api.AssertEquals.failNotEqual(AssertEquals.java:197)
	at org.junit.jupiter.api.AssertEquals.assertEquals(AssertEquals.java:182)
	at org.junit.jupiter.api.Assertions.assertEquals(Assertions.java:1156)
	at com.legends.battle.BattleServiceTests.testTurnOrder_highLevelFirst(BattleServiceTests.java:114)
	at java.base/java.lang.reflect.Method.invoke(Method.java:565)
	at java.base/java.util.ArrayList.forEach(ArrayList.java:1604)
	at java.base/java.util.ArrayList.forEach(ArrayList.java:1604)
]]></failure>
  </testcase>
  <testcase name="testWait_placesUnitInWaitQueue" classname="com.legends.battle.BattleServiceTests" time="0.002"/>
  <testcase name="testBattleOver_whenEnemyDefeated" classname="com.legends.battle.BattleServiceTests" time="0.001"/>
  <testcase name="testAttack_reducesEnemyHp" classname="com.legends.battle.BattleServiceTests" time="0.003">
    <failure message="Enemy HP should decrease after being attacked ==&gt; expected: &lt;true&gt; but was: &lt;false&gt;" type="org.opentest4j.AssertionFailedError"><![CDATA[org.opentest4j.AssertionFailedError: Enemy HP should decrease after being attacked ==> expected: <true> but was: <false>
	at org.junit.jupiter.api.AssertionFailureBuilder.build(AssertionFailureBuilder.java:151)
	at org.junit.jupiter.api.AssertionFailureBuilder.buildAndThrow(AssertionFailureBuilder.java:132)
	at org.junit.jupiter.api.AssertTrue.failNotTrue(AssertTrue.java:63)
	at org.junit.jupiter.api.AssertTrue.assertTrue(AssertTrue.java:36)
	at org.junit.jupiter.api.Assertions.assertTrue(Assertions.java:214)
	at com.legends.battle.BattleServiceTests.testAttack_reducesEnemyHp(BattleServiceTests.java:41)
	at java.base/java.lang.reflect.Method.invoke(Method.java:565)
	at java.base/java.util.ArrayList.forEach(ArrayList.java:1604)
	at java.base/java.util.ArrayList.forEach(ArrayList.java:1604)
]]></failure>
  </testcase>
  <testcase name="testBattleOver_whenHeroDefeated" classname="com.legends.battle.BattleServiceTests" time="0.0"/>
  <testcase name="testStun_skipsUnitTurn" classname="com.legends.battle.BattleServiceTests" time="0.001">
    <failure message="Stunned unit message should mention stun ==&gt; expected: &lt;true&gt; but was: &lt;false&gt;" type="org.opentest4j.AssertionFailedError"><![CDATA[org.opentest4j.AssertionFailedError: Stunned unit message should mention stun ==> expected: <true> but was: <false>
	at org.junit.jupiter.api.AssertionFailureBuilder.build(AssertionFailureBuilder.java:151)
	at org.junit.jupiter.api.AssertionFailureBuilder.buildAndThrow(AssertionFailureBuilder.java:132)
	at org.junit.jupiter.api.AssertTrue.failNotTrue(AssertTrue.java:63)
	at org.junit.jupiter.api.AssertTrue.assertTrue(AssertTrue.java:36)
	at org.junit.jupiter.api.Assertions.assertTrue(Assertions.java:214)
	at com.legends.battle.BattleServiceTests.testStun_skipsUnitTurn(BattleServiceTests.java:123)
	at java.base/java.lang.reflect.Method.invoke(Method.java:565)
	at java.base/java.util.ArrayList.forEach(ArrayList.java:1604)
	at java.base/java.util.ArrayList.forEach(ArrayList.java:1604)
]]></failure>
  </testcase>
  <testcase name="testCast_insufficientMana_blockedAction" classname="com.legends.battle.BattleServiceTests" time="0.002">
    <failure message="CAST should fail when unit has no mana ==&gt; expected: &lt;true&gt; but was: &lt;false&gt;" type="org.opentest4j.AssertionFailedError"><![CDATA[org.opentest4j.AssertionFailedError: CAST should fail when unit has no mana ==> expected: <true> but was: <false>
	at org.junit.jupiter.api.AssertionFailureBuilder.build(AssertionFailureBuilder.java:151)
	at org.junit.jupiter.api.AssertionFailureBuilder.buildAndThrow(AssertionFailureBuilder.java:132)
	at org.junit.jupiter.api.AssertTrue.failNotTrue(AssertTrue.java:63)
	at org.junit.jupiter.api.AssertTrue.assertTrue(AssertTrue.java:36)
	at org.junit.jupiter.api.Assertions.assertTrue(Assertions.java:214)
	at com.legends.battle.BattleServiceTests.testCast_insufficientMana_blockedAction(BattleServiceTests.java:141)
	at java.base/java.lang.reflect.Method.invoke(Method.java:565)
	at java.base/java.util.ArrayList.forEach(ArrayList.java:1604)
	at java.base/java.util.ArrayList.forEach(ArrayList.java:1604)
]]></failure>
  </testcase>
  <testcase name="testShield_absorbesDamageFirst" classname="com.legends.battle.BattleServiceTests" time="0.0"/>
  <testcase name="testDamageFormula_correctCalculation" classname="com.legends.battle.BattleServiceTests" time="0.0">
    <failure message="Damage should equal attacker.attack - defender.defense ==&gt; expected: &lt;38&gt; but was: &lt;50&gt;" type="org.opentest4j.AssertionFailedError"><![CDATA[org.opentest4j.AssertionFailedError: Damage should equal attacker.attack - defender.defense ==> expected: <38> but was: <50>
	at org.junit.jupiter.api.AssertionFailureBuilder.build(AssertionFailureBuilder.java:151)
	at org.junit.jupiter.api.AssertionFailureBuilder.buildAndThrow(AssertionFailureBuilder.java:132)
	at org.junit.jupiter.api.AssertEquals.failNotEqual(AssertEquals.java:197)
	at org.junit.jupiter.api.AssertEquals.assertEquals(AssertEquals.java:150)
	at org.junit.jupiter.api.Assertions.assertEquals(Assertions.java:563)
	at com.legends.battle.BattleServiceTests.testDamageFormula_correctCalculation(BattleServiceTests.java:102)
	at java.base/java.lang.reflect.Method.invoke(Method.java:565)
	at java.base/java.util.ArrayList.forEach(ArrayList.java:1604)
	at java.base/java.util.ArrayList.forEach(ArrayList.java:1604)
]]></failure>
  </testcase>
  <testcase name="testDefend_restoresHpAndMana" classname="com.legends.battle.BattleServiceTests" time="0.002"/>
  <testcase name="testNoLivingUnits_false_whenPartyAlive" classname="com.legends.battle.BattleServiceTests" time="0.001"/>
  <testcase name="testAttack_hpNeverBelowZero" classname="com.legends.battle.BattleServiceTests" time="0.0">
    <failure message="HP should not go below 0 ==&gt; expected: &lt;0&gt; but was: &lt;5&gt;" type="org.opentest4j.AssertionFailedError"><![CDATA[org.opentest4j.AssertionFailedError: HP should not go below 0 ==> expected: <0> but was: <5>
	at org.junit.jupiter.api.AssertionFailureBuilder.build(AssertionFailureBuilder.java:151)
	at org.junit.jupiter.api.AssertionFailureBuilder.buildAndThrow(AssertionFailureBuilder.java:132)
	at org.junit.jupiter.api.AssertEquals.failNotEqual(AssertEquals.java:197)
	at org.junit.jupiter.api.AssertEquals.assertEquals(AssertEquals.java:150)
	at org.junit.jupiter.api.Assertions.assertEquals(Assertions.java:563)
	at com.legends.battle.BattleServiceTests.testAttack_hpNeverBelowZero(BattleServiceTests.java:52)
	at java.base/java.lang.reflect.Method.invoke(Method.java:565)
	at java.base/java.util.ArrayList.forEach(ArrayList.java:1604)
	at java.base/java.util.ArrayList.forEach(ArrayList.java:1604)
]]></failure>
  </testcase>
</testsuite>